3ad38a78-08f9-41d4-affb-85110932292d:88 root 1564630929658
c2aa59f7-587e-4cac-a6b3-3a1246a60a74:70 root 1564630934651
c3a77cf9-f1e9-408b-a15e-10e634ef047b:225 root 1564630939653
d7571c6a-9579-44c5-aee2-9cafb32f3b7c:89 root 1564630944653
2253daaf-3b08-403e-af99-10fbf16447e2:62 root 1564630964647
09d62634-d9df-4cfa-ad93-78958699399b:84 root 1564630969648
5bd41085-9e55-4b16-a730-6ef14a53261e:1601 root 1564673339333
0a645cdf-fc57-4ca6-a934-7788617acded:119 root 1564673344324
2b378b85-d1e9-4e5e-aa3a-1f246e643110:85 root 1564781081592
734131e2-d032-4c08-af3a-7127c84ebc76:85 root 1564781726591
ae1d52e2-1eb1-481c-a2d3-dfb916734716:89 root 1564781731594
4f444e68-51e9-44a9-ad5a-ac7760aa9d75:85 root 1564781736610
aea0ff7d-9269-4722-aea8-2c03ebade740:89 root 1564781741595
cdc4038a-f1c9-4881-a806-bbba94746c1d:109 root 1564781746595
5c8b1410-9d5c-4b53-a5e4-bb0b4a25be96:91 root 1564781751586
5e9a887d-bac1-417e-ae2f-fda98c1d0c66:132 root 1564781756588
a98ca83b-b80d-47a8-a2f7-93e4c0f3337c:88 root 1564781841587
a57498f7-f44b-4cef-ae66-1c518333930e:85 root 1564781846594
519d9de3-710f-4b7f-a758-eebcbc573f3a:88 root 1564781851584
07f10ef4-4e93-457d-a81b-7e9a18236bd1:84 root 1564781856597
39c09046-6c63-419a-a4f3-19ceef66bb9f:89 root 1564781861591
9d22af14-ff28-4c48-a27d-559d54f3e4f9:88 root 1564781866593
d35efb01-49d2-473c-ac26-faef2761c82d:94 root 1564781871587
b8a1e92e-f1ba-4b6e-a90f-725f0f1d061b:111 root 1564781876585
5a7338af-787d-470e-a2ed-307d872d9033:90 root 1564782826587
fe757631-2e80-441c-aeae-fbdd9680b516:90 root 1564782836579
abececef-84ed-4da4-adf7-6ee50153f936:32 root 1565017685657
63c65b87-fdee-48ab-a24c-7ff94e178bf2:93 root 1565017690644
4e68c707-f93b-4b36-a0b8-675d93376838:224 root 1565018042347
dcb23887-d623-43f9-acb6-3222582333bb:96 root 1565018047343
102632c3-8847-441c-af4f-e72b712927cb:22 root 1565018122365
84361fb6-0884-460a-a32a-16a72a5d42aa:3964 root 1565018137351
1c0a03e4-4a74-4c55-a6a1-d9a1e485b742:84 root 1565018142350
b11a9460-2a43-43be-a8f0-99a0b6e1cd43:85 root 1565018172355
c5c7e31d-eda4-4fac-afb3-9652f62860c2:88 root 1565019222317
d88a3af2-ecb2-4e47-a7ed-a5fedbd4f785:83 root 1565019227313
7a05cf0b-681b-4aa2-a5b3-656734b21511:1537 root 1565023280245
e171b95a-92ea-4c8b-a147-31e413e35de1:118 root 1565023285238
dff605ef-cff7-4e08-ad1f-697b6cc1010b:1538 root 1565023346816
eeaf5b54-7495-4ba4-ae3c-343908441f48:112 root 1565023351814
c931d779-962d-46bf-ac81-f3d3ed6658f9:1541 root 1565028793141
6224c240-9519-4dfa-a6b8-64de01106118:113 root 1565028798136
94b6fc7b-ec2b-4a57-a809-36acce5f4f8d:81 root 1565029246430
91b8824f-2eec-4401-a35f-32fc0369737a:118 root 1565029251422
28027886-037e-458e-ad78-b53aa9f89c42:30 root 1565029981418
62679cc2-debc-4026-a55e-0934f7b4062d:77 root 1565029986419
d69eaa76-b894-450e-a219-1385efa6c2c6:105 root 1565030041424
5200fc73-2a39-4a5e-ab13-aa2f645b333a:1475 root 1565030316397
cd5eab18-0c9a-428a-ad28-ffd7cc368851:119 root 1565030321396
